Configuring HStringTemplate-0.8.5...
Building HStringTemplate-0.8.5...
Preprocessing library HStringTemplate-0.8.5...

Text/StringTemplate/GenericStandard.hs:1:33: warning:
    -XOverlappingInstances is deprecated: instead use per-instance pragmas OVERLAPPING/OVERLAPPABLE/OVERLAPS

Text/StringTemplate/Instances.hs:1:38: warning:
    -XOverlappingInstances is deprecated: instead use per-instance pragmas OVERLAPPING/OVERLAPPABLE/OVERLAPS
[1 of 8] Compiling Text.StringTemplate.Classes ( Text/StringTemplate/Classes.hs, .stack-work/dist/x86_64-osx/Cabal-1.24.2.0/build/Text/StringTemplate/Classes.o )
[2 of 8] Compiling Text.StringTemplate.Instances ( Text/StringTemplate/Instances.hs, .stack-work/dist/x86_64-osx/Cabal-1.24.2.0/build/Text/StringTemplate/Instances.o )
[3 of 8] Compiling Text.StringTemplate.GenericStandard ( Text/StringTemplate/GenericStandard.hs, .stack-work/dist/x86_64-osx/Cabal-1.24.2.0/build/Text/StringTemplate/GenericStandard.o )
[4 of 8] Compiling Text.StringTemplate.Base ( Text/StringTemplate/Base.hs, .stack-work/dist/x86_64-osx/Cabal-1.24.2.0/build/Text/StringTemplate/Base.o )

Text/StringTemplate/Base.hs:17:1: warning: [-Wunused-imports]
    The import of ‘Control.Applicative’ is redundant
      except perhaps to import instances from ‘Control.Applicative’
    To import instances alone, use: import Control.Applicative()

Text/StringTemplate/Base.hs:23:1: warning: [-Wunused-imports]
    The import of ‘Data.Monoid’ is redundant
      except perhaps to import instances from ‘Data.Monoid’
    To import instances alone, use: import Data.Monoid()
[5 of 8] Compiling Text.StringTemplate.Group ( Text/StringTemplate/Group.hs, .stack-work/dist/x86_64-osx/Cabal-1.24.2.0/build/Text/StringTemplate/Group.o )

Text/StringTemplate/Group.hs:12:1: warning: [-Wunused-imports]
    The import of ‘Control.Applicative’ is redundant
      except perhaps to import instances from ‘Control.Applicative’
    To import instances alone, use: import Control.Applicative()

Text/StringTemplate/Group.hs:16:1: warning: [-Wunused-imports]
    The import of ‘Data.Monoid’ is redundant
      except perhaps to import instances from ‘Data.Monoid’
    To import instances alone, use: import Data.Monoid()
[6 of 8] Compiling Text.StringTemplate.QQ ( Text/StringTemplate/QQ.hs, .stack-work/dist/x86_64-osx/Cabal-1.24.2.0/build/Text/StringTemplate/QQ.o )

Text/StringTemplate/QQ.hs:28:8: warning: [-Wmissing-fields]
    • Fields of ‘QuasiQuoter’ not initialised: quoteType, quoteDec
    • In the expression:
        QuasiQuoter {quoteExp = quoteTmplExp, quotePat = quoteTmplPat}
      In an equation for ‘stmp’:
          stmp
            = QuasiQuoter {quoteExp = quoteTmplExp, quotePat = quoteTmplPat}
[7 of 8] Compiling Text.StringTemplate.Renderf ( Text/StringTemplate/Renderf.hs, .stack-work/dist/x86_64-osx/Cabal-1.24.2.0/build/Text/StringTemplate/Renderf.o )
[8 of 8] Compiling Text.StringTemplate ( Text/StringTemplate.hs, .stack-work/dist/x86_64-osx/Cabal-1.24.2.0/build/Text/StringTemplate.o )
Installing library in
/Users/pedropereira/.stack/snapshots/x86_64-osx/lts-8.6/8.0.2/lib/x86_64-osx-ghc-8.0.2/HStringTemplate-0.8.5-5KkX4WYbw1JGw9mwYoOGHi
Registering HStringTemplate-0.8.5...
